MONGODB [DEBUG] Logging level is currently :debug which could negatively impact client-side performance. You should set your logging level no lower than :info in production.
MONGODB (0.5ms) admin['$cmd'].find({:ismaster=>1}).limit(-1)
** [Copycopter] [P:3582] [T:13467260] Client 2.0.1 ready
** [Copycopter] [P:3582] [T:13467260] Environment Info: [Ruby: 2.0.0] [Rails: 3.0.7] [Env: development]
** [Copycopter] [P:3582] [T:28505960] Invalid API key: 2b9c95651ad0e24c64e32d65ec470402
MONGODB [DEBUG] Logging level is currently :debug which could negatively impact client-side performance. You should set your logging level no lower than :info in production.
MONGODB (0.5ms) admin['$cmd'].find({:ismaster=>1}).limit(-1)
** [Copycopter] [P:3612] [T:6512260] Client 2.0.1 ready
** [Copycopter] [P:3612] [T:6512260] Environment Info: [Ruby: 2.0.0] [Rails: 3.0.7] [Env: development]
** [Copycopter] [P:3612] [T:12455500] Invalid API key: 2b9c95651ad0e24c64e32d65ec470402


Started GET "/" for 127.0.0.1 at 2013-07-31 02:30:30 +0530

CopycopterClient::InvalidApiKey (Invalid API key: 2b9c95651ad0e24c64e32d65ec470402):
  

Rendered /home/nilesh/.rvm/gems/ruby-2.0.0-p247/gems/actionpack-3.0.7/lib/action_dispatch/middleware/templates/rescues/_trace.erb (0.8ms)
Rendered /home/nilesh/.rvm/gems/ruby-2.0.0-p247/gems/actionpack-3.0.7/lib/action_dispatch/middleware/templates/rescues/_request_and_response.erb (25.3ms)
Rendered /home/nilesh/.rvm/gems/ruby-2.0.0-p247/gems/actionpack-3.0.7/lib/action_dispatch/middleware/templates/rescues/diagnostics.erb within rescues/layout (29.7ms)


Started GET "/" for 127.0.0.1 at 2013-07-31 02:32:07 +0530

CopycopterClient::InvalidApiKey (Invalid API key: 2b9c95651ad0e24c64e32d65ec470402):
  

Rendered /home/nilesh/.rvm/gems/ruby-2.0.0-p247/gems/actionpack-3.0.7/lib/action_dispatch/middleware/templates/rescues/_trace.erb (3.0ms)
Rendered /home/nilesh/.rvm/gems/ruby-2.0.0-p247/gems/actionpack-3.0.7/lib/action_dispatch/middleware/templates/rescues/_request_and_response.erb (1.3ms)
Rendered /home/nilesh/.rvm/gems/ruby-2.0.0-p247/gems/actionpack-3.0.7/lib/action_dispatch/middleware/templates/rescues/diagnostics.erb within rescues/layout (8.5ms)


Started GET "/" for 127.0.0.1 at 2013-07-31 02:35:29 +0530

CopycopterClient::InvalidApiKey (Invalid API key: 2b9c95651ad0e24c64e32d65ec470402):
  

Rendered /home/nilesh/.rvm/gems/ruby-2.0.0-p247/gems/actionpack-3.0.7/lib/action_dispatch/middleware/templates/rescues/_trace.erb (1.9ms)
Rendered /home/nilesh/.rvm/gems/ruby-2.0.0-p247/gems/actionpack-3.0.7/lib/action_dispatch/middleware/templates/rescues/_request_and_response.erb (1.2ms)
Rendered /home/nilesh/.rvm/gems/ruby-2.0.0-p247/gems/actionpack-3.0.7/lib/action_dispatch/middleware/templates/rescues/diagnostics.erb within rescues/layout (7.7ms)
MONGODB [DEBUG] Logging level is currently :debug which could negatively impact client-side performance. You should set your logging level no lower than :info in production.
MONGODB (0.5ms) admin['$cmd'].find({:ismaster=>1}).limit(-1)


Started GET "/" for 127.0.0.1 at 2013-07-31 02:35:45 +0530
  Processing by HomeController#index as HTML
Rendered home/index.html.haml within layouts/application (36.3ms)
Completed 200 OK in 40ms (Views: 39.4ms)


Started GET "/stylesheets/formtastic.css" for 127.0.0.1 at 2013-07-31 02:35:45 +0530


Started GET "/stylesheets/print.css" for 127.0.0.1 at 2013-07-31 02:35:45 +0530


Started GET "/stylesheets/screen.css" for 127.0.0.1 at 2013-07-31 02:35:45 +0530


Started GET "/" for 127.0.0.1 at 2013-07-31 02:35:51 +0530
  Processing by HomeController#index as HTML
Rendered home/index.html.haml within layouts/application (81.1ms)
Completed 200 OK in 84ms (Views: 83.9ms)


Started GET "/users/sign_in" for 127.0.0.1 at 2013-07-31 02:35:53 +0530
  Processing by Devise::SessionsController#new as HTML
Rendered devise/sessions/new.html.haml within layouts/application (63.2ms)
Completed   in 148ms

ActionView::Template::Error (undefined method `buttons' for #<Formtastic::FormBuilder:0x00000003f73868>):
    6:     = form.input :password
    7:     - if devise_mapping.rememberable?
    8:       = form.input :remember_me, :as => :check_boxes, :collection => [t('sessions.form.remember_me', :default => "Remember me")], :label => false
    9:   = form.buttons do
    10:     = form.commit_button
    11: 
    12: = render :partial => "devise/shared/links"
  app/views/devise/sessions/new.html.haml:9:in `block in _app_views_devise_sessions_new_html_haml___2924444990580016786_32990500_1547518289308473558'
  app/views/devise/sessions/new.html.haml:3:in `_app_views_devise_sessions_new_html_haml___2924444990580016786_32990500_1547518289308473558'

Rendered /home/nilesh/.rvm/gems/ruby-2.0.0-p247/gems/actionpack-3.0.7/lib/action_dispatch/middleware/templates/rescues/_trace.erb (0.9ms)
Rendered /home/nilesh/.rvm/gems/ruby-2.0.0-p247/gems/actionpack-3.0.7/lib/action_dispatch/middleware/templates/rescues/_request_and_response.erb (3.4ms)
Rendered /home/nilesh/.rvm/gems/ruby-2.0.0-p247/gems/actionpack-3.0.7/lib/action_dispatch/middleware/templates/rescues/template_error.erb within rescues/layout (13.0ms)
